# JRE version: Java(TM) SE Runtime Environment (17.0.1+12) (build 17.0.1+12-LTS-39)
# Java VM: Java HotSpot(TM) 64-Bit Server VM (17.0.1+12-LTS-39, mixed mode, sharing, tiered, compressed oops, compressed class ptrs, g1 gc, windows-amd64)
GC Precious Log:
 CPUs: 16 total, 16 available
 Memory: 16310M
 Large Page Support: Disabled
 NUMA Support: Disabled
 Compressed Oops: Enabled (Zero based)
 Heap Region Size: 2M
 Heap Min Capacity: 8M
 Heap Initial Capacity: 256M
 Heap Max Capacity: 4078M
 Pre-touch: Disabled
 Parallel Workers: 13
 Concurrent Workers: 3
 Concurrent Refinement Workers: 13
 Periodic GC: Disabled
Heap:
 garbage-first heap   total 49152K, used 18655K [0x0000000701200000, 0x0000000800000000)
  region size 2048K, 6 young (12288K), 1 survivors (2048K)
 Metaspace       used 23836K, committed 24064K, reserved 1073152K
  class space    used 2630K, committed 2752K, reserved 1048576K
GC Heap History (14 events):
Event: 1.733 GC heap before
{Heap before GC invocations=0 (full 0):
 garbage-first heap   total 262144K, used 22528K [0x0000000701200000, 0x0000000800000000)
  region size 2048K, 11 young (22528K), 0 survivors (0K)
 Metaspace       used 13844K, committed 14080K, reserved 1064960K
  class space    used 1562K, committed 1664K, reserved 1048576K
}
Event: 1.742 GC heap after
{Heap after GC invocations=1 (full 0):
 garbage-first heap   total 262144K, used 5577K [0x0000000701200000, 0x0000000800000000)
  region size 2048K, 2 young (4096K), 2 survivors (4096K)
 Metaspace       used 13844K, committed 14080K, reserved 1064960K
  class space    used 1562K, committed 1664K, reserved 1048576K
}
Event: 2.238 GC heap before
{Heap before GC invocations=1 (full 0):
 garbage-first heap   total 262144K, used 26057K [0x0000000701200000, 0x0000000800000000)
  region size 2048K, 12 young (24576K), 2 survivors (4096K)
 Metaspace       used 17373K, committed 17600K, reserved 1064960K
  class space    used 2064K, committed 2176K, reserved 1048576K
}
Event: 2.244 GC heap after
{Heap after GC invocations=2 (full 0):
 garbage-first heap   total 262144K, used 8595K [0x0000000701200000, 0x0000000800000000)
  region size 2048K, 2 young (4096K), 2 survivors (4096K)
 Metaspace       used 17373K, committed 17600K, reserved 1064960K
  class space    used 2064K, committed 2176K, reserved 1048576K
}
Event: 2.463 GC heap before
{Heap before GC invocations=2 (full 0):
 garbage-first heap   total 262144K, used 57747K [0x0000000701200000, 0x0000000800000000)
  region size 2048K, 26 young (53248K), 2 survivors (4096K)
 Metaspace       used 17519K, committed 17728K, reserved 1064960K
  class space    used 2068K, committed 2176K, reserved 1048576K
}
Event: 2.466 GC heap after
{Heap after GC invocations=3 (full 0):
 garbage-first heap   total 262144K, used 8765K [0x0000000701200000, 0x0000000800000000)
  region size 2048K, 2 young (4096K), 2 survivors (4096K)
 Metaspace       used 17519K, committed 17728K, reserved 1064960K
  class space    used 2068K, committed 2176K, reserved 1048576K
}
Event: 3.519 GC heap before
{Heap before GC invocations=3 (full 0):
 garbage-first heap   total 262144K, used 107069K [0x0000000701200000, 0x0000000800000000)
  region size 2048K, 51 young (104448K), 2 survivors (4096K)
 Metaspace       used 21331K, committed 21504K, reserved 1073152K
  class space    used 2504K, committed 2560K, reserved 1048576K
}
Event: 3.523 GC heap after
{Heap after GC invocations=4 (full 0):
 garbage-first heap   total 262144K, used 9383K [0x0000000701200000, 0x0000000800000000)
  region size 2048K, 2 young (4096K), 2 survivors (4096K)
 Metaspace       used 21331K, committed 21504K, reserved 1073152K
  class space    used 2504K, committed 2560K, reserved 1048576K
}
Event: 11.527 GC heap before
{Heap before GC invocations=5 (full 0):
 garbage-first heap   total 49152K, used 33959K [0x0000000701200000, 0x0000000800000000)
  region size 2048K, 14 young (28672K), 2 survivors (4096K)
 Metaspace       used 23139K, committed 23360K, reserved 1073152K
  class space    used 2598K, committed 2752K, reserved 1048576K
}
Event: 11.531 GC heap after
{Heap after GC invocations=6 (full 0):
 garbage-first heap   total 49152K, used 10183K [0x0000000701200000, 0x0000000800000000)
  region size 2048K, 1 young (2048K), 1 survivors (2048K)
 Metaspace       used 23139K, committed 23360K, reserved 1073152K
  class space    used 2598K, committed 2752K, reserved 1048576K
}
Event: 12.205 GC heap before
{Heap before GC invocations=6 (full 0):
 garbage-first heap   total 49152K, used 12231K [0x0000000701200000, 0x0000000800000000)
  region size 2048K, 2 young (4096K), 1 survivors (2048K)
 Metaspace       used 23187K, committed 23424K, reserved 1073152K
  class space    used 2598K, committed 2752K, reserved 1048576K
}
Event: 12.213 GC heap after
{Heap after GC invocations=7 (full 0):
 garbage-first heap   total 49152K, used 10295K [0x0000000701200000, 0x0000000800000000)
  region size 2048K, 1 young (2048K), 1 survivors (2048K)
 Metaspace       used 23187K, committed 23424K, reserved 1073152K
  class space    used 2598K, committed 2752K, reserved 1048576K
}
Event: 31.870 GC heap before
{Heap before GC invocations=7 (full 0):
 garbage-first heap   total 49152K, used 32823K [0x0000000701200000, 0x0000000800000000)
  region size 2048K, 12 young (24576K), 1 survivors (2048K)
 Metaspace       used 23625K, committed 23808K, reserved 1073152K
  class space    used 2624K, committed 2752K, reserved 1048576K
}
Event: 31.871 GC heap after
{Heap after GC invocations=8 (full 0):
 garbage-first heap   total 49152K, used 10463K [0x0000000701200000, 0x0000000800000000)
  region size 2048K, 1 young (2048K), 1 survivors (2048K)
 Metaspace       used 23625K, committed 23808K, reserved 1073152K
  class space    used 2624K, committed 2752K, reserved 1048576K
}

