# JRE version: OpenJDK Runtime Environment Temurin-11.0.12+7 (11.0.12+7) (build 11.0.12+7)
# Java VM: OpenJDK 64-Bit Server VM Temurin-11.0.12+7 (11.0.12+7, mixed mode, tiered, compressed oops, g1 gc, windows-amd64)
Heap:
 garbage-first heap   total 262144K, used 114218K [0x0000000701200000, 0x0000000800000000)
  region size 1024K, 83 young (84992K), 4 survivors (4096K)
 Metaspace       used 31947K, capacity 32589K, committed 32896K, reserved 1079296K
  class space    used 3629K, capacity 3898K, committed 3968K, reserved 1048576K
GC Heap History (8 events):
Event: 1.823 GC heap before
{Heap before GC invocations=0 (full 0):
 garbage-first heap   total 262144K, used 18432K [0x0000000701200000, 0x0000000800000000)
  region size 1024K, 20 young (20480K), 0 survivors (0K)
 Metaspace       used 20748K, capacity 21235K, committed 21296K, reserved 1069056K
  class space    used 2310K, capacity 2546K, committed 2560K, reserved 1048576K
}
Event: 1.840 GC heap after
{Heap after GC invocations=1 (full 0):
 garbage-first heap   total 262144K, used 4805K [0x0000000701200000, 0x0000000800000000)
  region size 1024K, 3 young (3072K), 3 survivors (3072K)
 Metaspace       used 20748K, capacity 21235K, committed 21296K, reserved 1069056K
  class space    used 2310K, capacity 2546K, committed 2560K, reserved 1048576K
}
Event: 2.322 GC heap before
{Heap before GC invocations=2 (full 0):
 garbage-first heap   total 262144K, used 14021K [0x0000000701200000, 0x0000000800000000)
  region size 1024K, 12 young (12288K), 3 survivors (3072K)
 Metaspace       used 24106K, capacity 24734K, committed 24832K, reserved 1071104K
  class space    used 2753K, capacity 3011K, committed 3072K, reserved 1048576K
}
Event: 2.328 GC heap after
{Heap after GC invocations=3 (full 0):
 garbage-first heap   total 262144K, used 6943K [0x0000000701200000, 0x0000000800000000)
  region size 1024K, 2 young (2048K), 2 survivors (2048K)
 Metaspace       used 24106K, capacity 24734K, committed 24832K, reserved 1071104K
  class space    used 2753K, capacity 3011K, committed 3072K, reserved 1048576K
}
Event: 3.007 GC heap before
{Heap before GC invocations=3 (full 0):
 garbage-first heap   total 262144K, used 41759K [0x0000000701200000, 0x0000000800000000)
  region size 1024K, 36 young (36864K), 2 survivors (2048K)
 Metaspace       used 26038K, capacity 26682K, committed 26880K, reserved 1073152K
  class space    used 3026K, capacity 3275K, committed 3328K, reserved 1048576K
}
Event: 3.015 GC heap after
{Heap after GC invocations=4 (full 0):
 garbage-first heap   total 262144K, used 8138K [0x0000000701200000, 0x0000000800000000)
  region size 1024K, 4 young (4096K), 4 survivors (4096K)
 Metaspace       used 26038K, capacity 26682K, committed 26880K, reserved 1073152K
  class space    used 3026K, capacity 3275K, committed 3328K, reserved 1048576K
}
Event: 3.483 GC heap before
{Heap before GC invocations=4 (full 0):
 garbage-first heap   total 262144K, used 62410K [0x0000000701200000, 0x0000000800000000)
  region size 1024K, 57 young (58368K), 4 survivors (4096K)
 Metaspace       used 26112K, capacity 26758K, committed 26880K, reserved 1073152K
  class space    used 3030K, capacity 3277K, committed 3328K, reserved 1048576K
}
Event: 3.489 GC heap after
{Heap after GC invocations=5 (full 0):
 garbage-first heap   total 262144K, used 8746K [0x0000000701200000, 0x0000000800000000)
  region size 1024K, 4 young (4096K), 4 survivors (4096K)
 Metaspace       used 26112K, capacity 26758K, committed 26880K, reserved 1073152K
  class space    used 3030K, capacity 3277K, committed 3328K, reserved 1048576K
}

