# JRE version: OpenJDK Runtime Environment Temurin-11.0.12+7 (11.0.12+7) (build 11.0.12+7)
# Java VM: OpenJDK 64-Bit Server VM Temurin-11.0.12+7 (11.0.12+7, mixed mode, tiered, compressed oops, g1 gc, windows-amd64)
Heap:
 garbage-first heap   total 262144K, used 55153K [0x0000000701200000, 0x0000000800000000)
  region size 1024K, 26 young (26624K), 7 survivors (7168K)
 Metaspace       used 32739K, capacity 33412K, committed 33664K, reserved 1079296K
  class space    used 3652K, capacity 3935K, committed 3968K, reserved 1048576K
GC Heap History (10 events):
Event: 1.717 GC heap before
{Heap before GC invocations=0 (full 0):
 garbage-first heap   total 262144K, used 18432K [0x0000000701200000, 0x0000000800000000)
  region size 1024K, 20 young (20480K), 0 survivors (0K)
 Metaspace       used 20745K, capacity 21231K, committed 21248K, reserved 1069056K
  class space    used 2310K, capacity 2545K, committed 2560K, reserved 1048576K
}
Event: 1.737 GC heap after
{Heap after GC invocations=1 (full 0):
 garbage-first heap   total 262144K, used 4697K [0x0000000701200000, 0x0000000800000000)
  region size 1024K, 3 young (3072K), 3 survivors (3072K)
 Metaspace       used 20745K, capacity 21231K, committed 21248K, reserved 1069056K
  class space    used 2310K, capacity 2545K, committed 2560K, reserved 1048576K
}
Event: 2.167 GC heap before
{Heap before GC invocations=2 (full 0):
 garbage-first heap   total 262144K, used 13913K [0x0000000701200000, 0x0000000800000000)
  region size 1024K, 12 young (12288K), 3 survivors (3072K)
 Metaspace       used 24032K, capacity 24638K, committed 24832K, reserved 1071104K
  class space    used 2730K, capacity 2979K, committed 3072K, reserved 1048576K
}
Event: 2.174 GC heap after
{Heap after GC invocations=3 (full 0):
 garbage-first heap   total 262144K, used 6683K [0x0000000701200000, 0x0000000800000000)
  region size 1024K, 2 young (2048K), 2 survivors (2048K)
 Metaspace       used 24032K, capacity 24638K, committed 24832K, reserved 1071104K
  class space    used 2730K, capacity 2979K, committed 3072K, reserved 1048576K
}
Event: 3.062 GC heap before
{Heap before GC invocations=3 (full 0):
 garbage-first heap   total 262144K, used 43547K [0x0000000701200000, 0x0000000800000000)
  region size 1024K, 38 young (38912K), 2 survivors (2048K)
 Metaspace       used 26099K, capacity 26746K, committed 26880K, reserved 1073152K
  class space    used 3032K, capacity 3275K, committed 3328K, reserved 1048576K
}
Event: 3.069 GC heap after
{Heap after GC invocations=4 (full 0):
 garbage-first heap   total 262144K, used 8198K [0x0000000701200000, 0x0000000800000000)
  region size 1024K, 4 young (4096K), 4 survivors (4096K)
 Metaspace       used 26099K, capacity 26746K, committed 26880K, reserved 1073152K
  class space    used 3032K, capacity 3275K, committed 3328K, reserved 1048576K
}
Event: 3.515 GC heap before
{Heap before GC invocations=4 (full 0):
 garbage-first heap   total 262144K, used 64518K [0x0000000701200000, 0x0000000800000000)
  region size 1024K, 59 young (60416K), 4 survivors (4096K)
 Metaspace       used 26171K, capacity 26758K, committed 26880K, reserved 1073152K
  class space    used 3036K, capacity 3277K, committed 3328K, reserved 1048576K
}
Event: 3.521 GC heap after
{Heap after GC invocations=5 (full 0):
 garbage-first heap   total 262144K, used 8567K [0x0000000701200000, 0x0000000800000000)
  region size 1024K, 4 young (4096K), 4 survivors (4096K)
 Metaspace       used 26171K, capacity 26758K, committed 26880K, reserved 1073152K
  class space    used 3036K, capacity 3277K, committed 3328K, reserved 1048576K
}
Event: 71.414 GC heap before
{Heap before GC invocations=5 (full 0):
 garbage-first heap   total 262144K, used 173431K [0x0000000701200000, 0x0000000800000000)
  region size 1024K, 140 young (143360K), 4 survivors (4096K)
 Metaspace       used 32573K, capacity 33272K, committed 33408K, reserved 1079296K
  class space    used 3648K, capacity 3933K, committed 3968K, reserved 1048576K
}
Event: 71.423 GC heap after
{Heap after GC invocations=6 (full 0):
 garbage-first heap   total 262144K, used 36721K [0x0000000701200000, 0x0000000800000000)
  region size 1024K, 7 young (7168K), 7 survivors (7168K)
 Metaspace       used 32573K, capacity 33272K, committed 33408K, reserved 1079296K
  class space    used 3648K, capacity 3933K, committed 3968K, reserved 1048576K
}

