# JRE version: OpenJDK Runtime Environment Temurin-11.0.12+7 (11.0.12+7) (build 11.0.12+7)
# Java VM: OpenJDK 64-Bit Server VM Temurin-11.0.12+7 (11.0.12+7, mixed mode, tiered, compressed oops, g1 gc, windows-amd64)
Heap:
 garbage-first heap   total 262144K, used 104752K [0x0000000701200000, 0x0000000800000000)
  region size 1024K, 82 young (83968K), 4 survivors (4096K)
 Metaspace       used 31716K, capacity 32394K, committed 32640K, reserved 1077248K
  class space    used 3610K, capacity 3898K, committed 3968K, reserved 1048576K
GC Heap History (8 events):
Event: 1.562 GC heap before
{Heap before GC invocations=0 (full 0):
 garbage-first heap   total 262144K, used 18432K [0x0000000701200000, 0x0000000800000000)
  region size 1024K, 20 young (20480K), 0 survivors (0K)
 Metaspace       used 20749K, capacity 21231K, committed 21248K, reserved 1069056K
  class space    used 2313K, capacity 2545K, committed 2560K, reserved 1048576K
}
Event: 1.585 GC heap after
{Heap after GC invocations=1 (full 0):
 garbage-first heap   total 262144K, used 4726K [0x0000000701200000, 0x0000000800000000)
  region size 1024K, 3 young (3072K), 3 survivors (3072K)
 Metaspace       used 20749K, capacity 21231K, committed 21248K, reserved 1069056K
  class space    used 2313K, capacity 2545K, committed 2560K, reserved 1048576K
}
Event: 2.098 GC heap before
{Heap before GC invocations=2 (full 0):
 garbage-first heap   total 262144K, used 13942K [0x0000000701200000, 0x0000000800000000)
  region size 1024K, 12 young (12288K), 3 survivors (3072K)
 Metaspace       used 24036K, capacity 24638K, committed 24832K, reserved 1071104K
  class space    used 2733K, capacity 2979K, committed 3072K, reserved 1048576K
}
Event: 2.107 GC heap after
{Heap after GC invocations=3 (full 0):
 garbage-first heap   total 262144K, used 6821K [0x0000000701200000, 0x0000000800000000)
  region size 1024K, 2 young (2048K), 2 survivors (2048K)
 Metaspace       used 24036K, capacity 24638K, committed 24832K, reserved 1071104K
  class space    used 2733K, capacity 2979K, committed 3072K, reserved 1048576K
}
Event: 3.002 GC heap before
{Heap before GC invocations=3 (full 0):
 garbage-first heap   total 262144K, used 40613K [0x0000000701200000, 0x0000000800000000)
  region size 1024K, 35 young (35840K), 2 survivors (2048K)
 Metaspace       used 26105K, capacity 26778K, committed 26880K, reserved 1073152K
  class space    used 3035K, capacity 3307K, committed 3328K, reserved 1048576K
}
Event: 3.009 GC heap after
{Heap after GC invocations=4 (full 0):
 garbage-first heap   total 262144K, used 8281K [0x0000000701200000, 0x0000000800000000)
  region size 1024K, 4 young (4096K), 4 survivors (4096K)
 Metaspace       used 26105K, capacity 26778K, committed 26880K, reserved 1073152K
  class space    used 3035K, capacity 3307K, committed 3328K, reserved 1048576K
}
Event: 3.541 GC heap before
{Heap before GC invocations=4 (full 0):
 garbage-first heap   total 262144K, used 61529K [0x0000000701200000, 0x0000000800000000)
  region size 1024K, 56 young (57344K), 4 survivors (4096K)
 Metaspace       used 26176K, capacity 26790K, committed 26880K, reserved 1073152K
  class space    used 3039K, capacity 3309K, committed 3328K, reserved 1048576K
}
Event: 3.547 GC heap after
{Heap after GC invocations=5 (full 0):
 garbage-first heap   total 262144K, used 8496K [0x0000000701200000, 0x0000000800000000)
  region size 1024K, 4 young (4096K), 4 survivors (4096K)
 Metaspace       used 26176K, capacity 26790K, committed 26880K, reserved 1073152K
  class space    used 3039K, capacity 3309K, committed 3328K, reserved 1048576K
}

